2018-10-14 17:21 - Processed Issue: [SSL cookie without secure flag set (Medium Risk)]
2018-10-14 17:21 - Processed Issue: [Unencrypted communications (Low Risk)]
2018-10-14 17:21 - Processed Issue: [Strict transport security not enforced (Low Risk)]
2018-10-14 17:21 - Processed Issue: [Cookie without HttpOnly flag set (Low Risk)]
2018-10-14 17:21 - Processed Issue: [Cookie scoped to parent domain (Low Risk)]
2018-10-14 17:21 - Processed Issue: [Cookie without HttpOnly flag set (Low Risk)]
2018-10-14 17:21 - Processed Issue: [SSL cookie without secure flag set (Medium Risk)]
2018-10-14 17:21 - Processed Issue: [Unencrypted communications (Low Risk)]
2018-10-14 17:21 - Processed Issue: [Strict transport security not enforced (Low Risk)]
2018-10-14 17:21 - Processed Issue: [Cookie without HttpOnly flag set (Low Risk)]
2018-10-14 17:21 - Processed Issue: [Cookie scoped to parent domain (Low Risk)]
2018-10-14 17:21 - Processed Issue: [SSL cookie without secure flag set (Medium Risk)]
2018-10-14 17:21 - Processed Issue: [SSL cookie without secure flag set (Medium Risk)]
2018-10-14 17:21 - Processed Issue: [SSL cookie without secure flag set (Medium Risk)]
2018-10-14 17:21 - Processed Issue: [Cross-site request forgery (Medium Risk)]
2018-10-14 17:21 - Processed Issue: [Unencrypted communications (Low Risk)]
2018-10-14 17:22 - Processed Issue: [Strict transport security not enforced (Low Risk)]
2018-10-14 17:22 - Processed Issue: [Cookie without HttpOnly flag set (Low Risk)]
2018-10-14 17:22 - Processed Issue: [Cookie scoped to parent domain (Low Risk)]
2018-10-14 17:22 - Processed Issue: [Cross-site request forgery (Medium Risk)]
2018-10-14 17:22 - Processed Issue: [Unencrypted communications (Low Risk)]
2018-10-14 17:22 - Processed Issue: [Strict transport security not enforced (Low Risk)]
2018-10-14 17:22 - Processed Issue: [Client-side HTTP parameter pollution (reflected) (Low Risk)]
2018-10-14 17:22 - Processed Issue: [Open redirection (DOM-based) (Low Risk)]
2018-10-14 17:22 - Processed Issue: [External service interaction (DNS) (High Risk)]
2018-10-14 17:22 - Processed Issue: [XPath injection (High Risk)]
2018-10-14 17:22 - Processed Issue: [XPath injection (High Risk)]
2018-10-14 17:22 - Processed Issue: [Session token in URL (Medium Risk)]
2018-10-14 17:22 - Processed Issue: [Session token in URL (Medium Risk)]
2018-10-14 17:22 - Processed Issue: [SSL cookie without secure flag set (Medium Risk)]
2018-10-14 17:22 - Processed Issue: [SSL cookie without secure flag set (Medium Risk)]
2018-10-14 17:22 - Processed Issue: [SSL cookie without secure flag set (Medium Risk)]
2018-10-14 17:22 - Processed Issue: [Cross-site request forgery (Medium Risk)]
2018-10-14 17:22 - Processed Issue: [Unencrypted communications (Low Risk)]
2018-10-14 17:22 - Processed Issue: [Open redirection (DOM-based) (Low Risk)]
2018-10-14 17:22 - Processed Issue: [Client-side HTTP parameter pollution (reflected) (Low Risk)]
